[INFO] Scanning for projects...
[INFO] 
[INFO] -----------------< com.example:chronicle-quarkus-demo >-----------------
[INFO] Building chronicle-quarkus-demo 1.0.0-SNAPSHOT
[INFO]   from pom.xml
[INFO] --------------------------------[ jar ]---------------------------------
[INFO] 
[INFO] --- quarkus:3.24.1:dev (default-cli) @ chronicle-quarkus-demo ---
[INFO] Invoking resources:3.3.1:resources (default-resources) @ chronicle-quarkus-demo
[INFO] Copying 1 resource from src/main/resources to target/classes
[INFO] Invoking quarkus:3.24.1:generate-code (default) @ chronicle-quarkus-demo
[INFO] [io.quarkus.grpc.codegen.GrpcCodeGen] Successfully finished generating and post-processing sources from proto files
[INFO] Invoking compiler:3.14.0:compile (default-compile) @ chronicle-quarkus-demo
[INFO] Recompiling the module because of changed source code.
[INFO] Compiling 121 source files with javac [debug parameters release 17] to target/classes
[INFO] Annotation processing is enabled because one or more processors were found
  on the class path. A future release of javac may disable annotation processing
  unless at least one processor is specified by name (-processor), or a search
  path is specified (--processor-path, --processor-module-path), or annotation
  processing is enabled explicitly (-proc:only, -proc:full).
  Use -Xlint:-options to suppress this message.
  Use -proc:none to disable annotation processing.
[INFO] Invoking resources:3.3.1:testResources (default-testResources) @ chronicle-quarkus-demo
[INFO] skip non existing resourceDirectory /home/mustafa/telcobright-projects/chronicle-db-Cache/src/test/resources
[INFO] Invoking quarkus:3.24.1:generate-code-tests (default) @ chronicle-quarkus-demo
[INFO] Invoking compiler:3.14.0:testCompile (default-testCompile) @ chronicle-quarkus-demo
[INFO] Recompiling the module because of changed dependency.

----------------------------
--- Help improve Quarkus ---
----------------------------
* Learn more: https://quarkus.io/usage/
* Do you agree to contribute anonymous build time data to the Quarkus community? (y/n and enter) 
[info] [Quarkus build analytics] Didn't receive a valid user's answer: `y` or `n`. The question will be asked again next time.

[WARNING] [io.quarkus.deployment.dev.DevModeCommandLineBuilder] Changed debug port to 38801 because of a port conflict
Listening for transport dt_socket at address: 38801
Press [e] to edit command line args (currently ''), [h] for more options>
Tests paused
Press [e] to edit command line args (currently ''), [r] to resume testing, [h] for more options>
Press [e] to edit command line args (currently ''), [r] to resume testing, [o] Toggle test output, [h] for more options>
2025-08-25 17:34:14.354 [WARN] [build-7] io.quarkus.hibernate.orm.deployment.HibernateOrmProcessor - Hibernate ORM is disabled because no JPA entities were found
__  ____  __  _____   ___  __ ____  ______ 
 --/ __ \/ / / / _ | / _ \/ //_/ / / / __/ 
 -/ /_/ / /_/ / __ |/ , _/ ,< / /_/ /\ \   
--\___\_\____/_/ |_/_/|_/_/|_|\____/___/   
2025-08-25 17:34:15.892 [WARN] [Quarkus Main Thread] io.quarkus.config - Unrecognized configuration key "quarkus.log.file.json.fields.additional-field.service" was provided; it will be ignored; verify that the dependency extension for this configuration is set or that you did not make a typo
2025-08-25 17:34:15.893 [WARN] [Quarkus Main Thread] io.quarkus.config - Unrecognized configuration key "quarkus.log.file.json" was provided; it will be ignored; verify that the dependency extension for this configuration is set or that you did not make a typo
2025-08-25 17:34:15.893 [WARN] [Quarkus Main Thread] io.quarkus.config - Unrecognized configuration key "quarkus.log.file.json.fields.additional-field.env" was provided; it will be ignored; verify that the dependency extension for this configuration is set or that you did not make a typo
2025-08-25 17:34:15.893 [WARN] [Quarkus Main Thread] io.quarkus.config - Unrecognized configuration key "quarkus.log.file.json.fields.additional-field.hostname" was provided; it will be ignored; verify that the dependency extension for this configuration is set or that you did not make a typo
2025-08-25 17:34:15.893 [WARN] [Quarkus Main Thread] io.quarkus.config - Unrecognized configuration key "quarkus.log.console.json" was provided; it will be ignored; verify that the dependency extension for this configuration is set or that you did not make a typo
2025-08-25 17:34:16.047 [WARN] [Quarkus Main Thread] io.quarkus.grpc.runtime.GrpcServerRecorder - Using legacy gRPC support with a separate HTTP server instance. This is the current default to maintain compatibility.
You can switch to the new unified HTTP server by setting quarkus.grpc.server.use-separate-server=false
This change is recommended for new applications and will become the default in future versions.

2025-08-25 17:34:16.201 [ERROR] [Quarkus Main Thread] io.quarkus.runtime.Application - Failed to start application: java.lang.RuntimeException: Failed to start quarkus
	at io.quarkus.runner.ApplicationImpl.doStart(Unknown Source)
	at io.quarkus.runtime.Application.start(Application.java:101)
	at io.quarkus.runtime.ApplicationLifecycleManager.run(ApplicationLifecycleManager.java:119)
	at io.quarkus.runtime.Quarkus.run(Quarkus.java:80)
	at io.quarkus.runtime.Quarkus.run(Quarkus.java:51)
	at io.quarkus.runtime.Quarkus.run(Quarkus.java:144)
	at io.quarkus.runner.GeneratedMain.main(Unknown Source)
	at java.base/jdk.internal.reflect.DirectMethodHandleAccessor.invoke(DirectMethodHandleAccessor.java:103)
	at java.base/java.lang.reflect.Method.invoke(Method.java:580)
	at io.quarkus.runner.bootstrap.StartupActionImpl$1.run(StartupActionImpl.java:121)
	at java.base/java.lang.Thread.run(Thread.java:1583)
Caused by: java.lang.IllegalStateException: Duplicated gRPC service: batchcrud.BatchCrudService
	at io.quarkus.grpc.reflection.service.GrpcServerIndex.<init>(GrpcServerIndex.java:49)
	at io.quarkus.grpc.reflection.service.ReflectionServiceV1.<init>(ReflectionServiceV1.java:32)
	at io.quarkus.grpc.runtime.GrpcServerRecorder.buildServer(GrpcServerRecorder.java:657)
	at io.quarkus.grpc.runtime.GrpcServerRecorder.devModeStart(GrpcServerRecorder.java:389)
	at io.quarkus.grpc.runtime.GrpcServerRecorder.initializeGrpcServer(GrpcServerRecorder.java:160)
	at io.quarkus.runner.recorded.GrpcServerProcessor$initializeServer1299485987.deploy_0(Unknown Source)
	at io.quarkus.runner.recorded.GrpcServerProcessor$initializeServer1299485987.deploy(Unknown Source)
	... 11 more

Press [space] to restart, [e] to edit command line args (currently ''), [r] to resume testing, [o] Toggle test output, [h] for more options>
2025-08-25 17:34:16.246 [WARN] [main] io.quarkus.config - Unrecognized configuration key "quarkus.log.file.json.fields.additional-field.service" was provided; it will be ignored; verify that the dependency extension for this configuration is set or that you did not make a typo
2025-08-25 17:34:16,246 WARN  [io.qua.config] (main) Unrecognized configuration key "quarkus.log.file.json.fields.additional-field.service" was provided; it will be ignored; verify that the dependency extension for this configuration is set or that you did not make a typo
2025-08-25 17:34:16.248 [WARN] [main] io.quarkus.config - Unrecognized configuration key "quarkus.log.file.json" was provided; it will be ignored; verify that the dependency extension for this configuration is set or that you did not make a typo
2025-08-25 17:34:16,248 WARN  [io.qua.config] (main) Unrecognized configuration key "quarkus.log.file.json" was provided; it will be ignored; verify that the dependency extension for this configuration is set or that you did not make a typo
2025-08-25 17:34:16.249 [WARN] [main] io.quarkus.config - Unrecognized configuration key "quarkus.log.file.json.fields.additional-field.env" was provided; it will be ignored; verify that the dependency extension for this configuration is set or that you did not make a typo
2025-08-25 17:34:16,249 WARN  [io.qua.config] (main) Unrecognized configuration key "quarkus.log.file.json.fields.additional-field.env" was provided; it will be ignored; verify that the dependency extension for this configuration is set or that you did not make a typo
2025-08-25 17:34:16.249 [WARN] [main] io.quarkus.config - Unrecognized configuration key "quarkus.log.file.json.fields.additional-field.hostname" was provided; it will be ignored; verify that the dependency extension for this configuration is set or that you did not make a typo
2025-08-25 17:34:16,249 WARN  [io.qua.config] (main) Unrecognized configuration key "quarkus.log.file.json.fields.additional-field.hostname" was provided; it will be ignored; verify that the dependency extension for this configuration is set or that you did not make a typo
2025-08-25 17:34:16.250 [WARN] [main] io.quarkus.config - Unrecognized configuration key "quarkus.log.console.json" was provided; it will be ignored; verify that the dependency extension for this configuration is set or that you did not make a typo
2025-08-25 17:34:16,250 WARN  [io.qua.config] (main) Unrecognized configuration key "quarkus.log.console.json" was provided; it will be ignored; verify that the dependency extension for this configuration is set or that you did not make a typo
2025-08-25 17:34:16.251 [INFO] [main] io.quarkus.deployment.dev.IsolatedDevModeMain - Attempting to start live reload endpoint to recover from previous Quarkus startup failure
2025-08-25 17:34:16,251 INFO  [io.qua.dep.dev.IsolatedDevModeMain] (main) Attempting to start live reload endpoint to recover from previous Quarkus startup failure
Press [space] to restart, [e] to edit command line args (currently ''), [h] for more options>
Failed to start quarkus
io.quarkus.dev.appstate.ApplicationStartException: java.lang.RuntimeException: Failed to start quarkus
	at io.quarkus.dev.appstate.ApplicationStateNotification.waitForApplicationStart(ApplicationStateNotification.java:63)
	at io.quarkus.runner.bootstrap.StartupActionImpl.runMainClass(StartupActionImpl.java:147)
	at io.quarkus.deployment.dev.IsolatedDevModeMain.firstStart(IsolatedDevModeMain.java:91)
	at io.quarkus.deployment.dev.IsolatedDevModeMain.accept(IsolatedDevModeMain.java:432)
	at io.quarkus.deployment.dev.IsolatedDevModeMain.accept(IsolatedDevModeMain.java:55)
	at io.quarkus.bootstrap.app.CuratedApplication.runInCl(CuratedApplication.java:143)
	at io.quarkus.bootstrap.app.CuratedApplication.runInAugmentClassLoader(CuratedApplication.java:98)
	at io.quarkus.deployment.dev.DevModeMain.start(DevModeMain.java:107)
	at io.quarkus.deployment.dev.DevModeMain.main(DevModeMain.java:70)
Caused by: java.lang.RuntimeException: Failed to start quarkus
	at io.quarkus.runner.ApplicationImpl.doStart(Unknown Source)
	at io.quarkus.runtime.Application.start(Application.java:101)
	at io.quarkus.runtime.ApplicationLifecycleManager.run(ApplicationLifecycleManager.java:119)
	at io.quarkus.runtime.Quarkus.run(Quarkus.java:80)
	at io.quarkus.runtime.Quarkus.run(Quarkus.java:51)
	at io.quarkus.runtime.Quarkus.run(Quarkus.java:144)
	at io.quarkus.runner.GeneratedMain.main(Unknown Source)
	at java.base/jdk.internal.reflect.DirectMethodHandleAccessor.invoke(DirectMethodHandleAccessor.java:103)
	at java.base/java.lang.reflect.Method.invoke(Method.java:580)
	at io.quarkus.runner.bootstrap.StartupActionImpl$1.run(StartupActionImpl.java:121)
	at java.base/java.lang.Thread.run(Thread.java:1583)
Caused by: java.lang.IllegalStateException: Duplicated gRPC service: batchcrud.BatchCrudService
	at io.quarkus.grpc.reflection.service.GrpcServerIndex.<init>(GrpcServerIndex.java:49)
	at io.quarkus.grpc.reflection.service.ReflectionServiceV1.<init>(ReflectionServiceV1.java:32)
	at io.quarkus.grpc.runtime.GrpcServerRecorder.buildServer(GrpcServerRecorder.java:657)
	at io.quarkus.grpc.runtime.GrpcServerRecorder.devModeStart(GrpcServerRecorder.java:389)
	at io.quarkus.grpc.runtime.GrpcServerRecorder.initializeGrpcServer(GrpcServerRecorder.java:160)
	at io.quarkus.runner.recorded.GrpcServerProcessor$initializeServer1299485987.deploy_0(Unknown Source)
	at io.quarkus.runner.recorded.GrpcServerProcessor$initializeServer1299485987.deploy(Unknown Source)
	... 11 more
Failed to recover after failed start
java.lang.RuntimeException: java.lang.RuntimeException: Unable to start HTTP server
	at io.quarkus.vertx.http.runtime.VertxHttpRecorder.startServerAfterFailedStart(VertxHttpRecorder.java:320)
	at io.quarkus.vertx.http.runtime.devmode.VertxHttpHotReplacementSetup.handleFailedInitialStart(VertxHttpHotReplacementSetup.java:73)
	at io.quarkus.deployment.dev.RuntimeUpdatesProcessor.startupFailed(RuntimeUpdatesProcessor.java:1307)
	at io.quarkus.deployment.dev.IsolatedDevModeMain.firstStart(IsolatedDevModeMain.java:126)
	at io.quarkus.deployment.dev.IsolatedDevModeMain.accept(IsolatedDevModeMain.java:432)
	at io.quarkus.deployment.dev.IsolatedDevModeMain.accept(IsolatedDevModeMain.java:55)
	at io.quarkus.bootstrap.app.CuratedApplication.runInCl(CuratedApplication.java:143)
	at io.quarkus.bootstrap.app.CuratedApplication.runInAugmentClassLoader(CuratedApplication.java:98)
	at io.quarkus.deployment.dev.DevModeMain.start(DevModeMain.java:107)
	at io.quarkus.deployment.dev.DevModeMain.main(DevModeMain.java:70)
Caused by: java.lang.RuntimeException: Unable to start HTTP server
	at io.quarkus.vertx.http.runtime.VertxHttpRecorder.doServerStart(VertxHttpRecorder.java:980)
	at io.quarkus.vertx.http.runtime.VertxHttpRecorder.startServerAfterFailedStart(VertxHttpRecorder.java:311)
	... 9 more
Caused by: java.util.concurrent.ExecutionException: io.quarkus.runtime.QuarkusBindException: Port already bound: 8080: Address already in use
	at java.base/java.util.concurrent.CompletableFuture.reportGet(CompletableFuture.java:396)
	at java.base/java.util.concurrent.CompletableFuture.get(CompletableFuture.java:2073)
	at io.quarkus.vertx.http.runtime.VertxHttpRecorder.doServerStart(VertxHttpRecorder.java:897)
	... 10 more
Caused by: io.quarkus.runtime.QuarkusBindException: Port already bound: 8080: Address already in use
	at io.quarkus.vertx.http.runtime.VertxHttpRecorder$WebDeploymentVerticle$3.handle(VertxHttpRecorder.java:1349)
	at io.quarkus.vertx.http.runtime.VertxHttpRecorder$WebDeploymentVerticle$3.handle(VertxHttpRecorder.java:1344)
	at io.vertx.core.impl.future.FutureImpl$4.onFailure(FutureImpl.java:188)
	at io.vertx.core.impl.future.FutureBase.emitFailure(FutureBase.java:81)
	at io.vertx.core.impl.future.FutureImpl.addListener(FutureImpl.java:226)
	at io.vertx.core.impl.future.FutureImpl.onComplete(FutureImpl.java:199)
	at io.vertx.core.http.HttpServer.listen(HttpServer.java:243)
	at io.quarkus.vertx.http.runtime.VertxHttpRecorder$WebDeploymentVerticle.setupTcpHttpServer(VertxHttpRecorder.java:1344)
	at io.quarkus.vertx.http.runtime.VertxHttpRecorder$WebDeploymentVerticle.start(VertxHttpRecorder.java:1258)
	at io.vertx.core.impl.DeploymentManager.lambda$doDeploy$5(DeploymentManager.java:210)
	at io.vertx.core.impl.ContextInternal.dispatch(ContextInternal.java:270)
	at io.vertx.core.impl.ContextInternal.dispatch(ContextInternal.java:252)
	at io.vertx.core.impl.ContextInternal.lambda$runOnContext$0(ContextInternal.java:50)
	at io.netty.util.concurrent.AbstractEventExecutor.runTask(AbstractEventExecutor.java:173)
	at io.netty.util.concurrent.AbstractEventExecutor.safeExecute(AbstractEventExecutor.java:166)
	at io.netty.util.concurrent.SingleThreadEventExecutor.runAllTasks(SingleThreadEventExecutor.java:472)
	at io.netty.channel.nio.NioEventLoop.run(NioEventLoop.java:569)
	at io.netty.util.concurrent.SingleThreadEventExecutor$4.run(SingleThreadEventExecutor.java:998)
	at io.netty.util.internal.ThreadExecutorMap$2.run(ThreadExecutorMap.java:74)
	at io.netty.util.concurrent.FastThreadLocalRunnable.run(FastThreadLocalRunnable.java:30)
	at java.base/java.lang.Thread.run(Thread.java:1583)
[INFO] ------------------------------------------------------------------------
[INFO] BUILD FAILURE
[INFO] ------------------------------------------------------------------------
[INFO] Total time:  18.029 s
[INFO] Finished at: 2025-08-25T17:34:16+06:00
[INFO] ------------------------------------------------------------------------
[ERROR] Failed to execute goal io.quarkus.platform:quarkus-maven-plugin:3.24.1:dev (default-cli) on project chronicle-quarkus-demo: Failed to run: Dev mode process did not complete successfully -> [Help 1]
[ERROR] 
[ERROR] To see the full stack trace of the errors, re-run Maven with the -e switch.
[ERROR] Re-run Maven using the -X switch to enable full debug logging.
[ERROR] 
[ERROR] For more information about the errors and possible solutions, please read the following articles:
[ERROR] [Help 1] http://cwiki.apache.org/confluence/display/MAVEN/MojoFailureException
