[INFO] Scanning for projects...
[INFO] 
[INFO] -----------------< com.example:chronicle-quarkus-demo >-----------------
[INFO] Building chronicle-quarkus-demo 1.0.0-SNAPSHOT
[INFO]   from pom.xml
[INFO] --------------------------------[ jar ]---------------------------------
[INFO] 
[INFO] --- exec:3.5.1:java (default-cli) @ chronicle-quarkus-demo ---
[WARNING] 
java.lang.ClassNotFoundException: com.telcobright.oltp.server.SimplePayloadTestServer
    at org.codehaus.mojo.exec.URLClassLoaderBuilder$ExecJavaClassLoader.loadClass (URLClassLoaderBuilder.java:211)
    at java.lang.ClassLoader.loadClass (ClassLoader.java:526)
    at org.codehaus.mojo.exec.ExecJavaMojo.doExec (ExecJavaMojo.java:357)
    at org.codehaus.mojo.exec.ExecJavaMojo.lambda$execute$0 (ExecJavaMojo.java:280)
    at java.lang.Thread.run (Thread.java:1583)
[INFO] ------------------------------------------------------------------------
[INFO] BUILD FAILURE
[INFO] ------------------------------------------------------------------------
[INFO] Total time:  1.933 s
[INFO] Finished at: 2025-08-25T17:26:57+06:00
[INFO] ------------------------------------------------------------------------
[ERROR] Failed to execute goal org.codehaus.mojo:exec-maven-plugin:3.5.1:java (default-cli) on project chronicle-quarkus-demo: An exception occurred while executing the Java class. com.telcobright.oltp.server.SimplePayloadTestServer -> [Help 1]
[ERROR] 
[ERROR] To see the full stack trace of the errors, re-run Maven with the -e switch.
[ERROR] Re-run Maven using the -X switch to enable full debug logging.
[ERROR] 
[ERROR] For more information about the errors and possible solutions, please read the following articles:
[ERROR] [Help 1] http://cwiki.apache.org/confluence/display/MAVEN/MojoExecutionException
